------------------------------------------------------------------------------------------------------------------------

[2024-03-01 21:35:13 #1 store] 
Database 'C:\Users\Dell\Desktop\Rides24\src\main\resources\rides.temp' is opened by 8768@DESKTOP-7BO60CG

[2024-03-01 21:35:13 #2 type.registry] 
New type domain.User

[2024-03-01 21:35:13 #3 type.registry] 
New type domain.Driver

[2024-03-01 21:35:13 #4 type] 
Type domain.User is not enhanced.

[2024-03-01 21:35:13 #5 type] 
Type domain.Driver is not enhanced.

[2024-03-01 21:35:13 #6 type.registry] 
New type domain.Ride

[2024-03-01 21:35:13 #7 type] 
Type domain.Ride is not enhanced.

[2024-03-01 21:35:13 #8 type.registry] 
New type java.util.Vector<java.lang.Object>

[2024-03-01 21:35:13 #9 type.registry] 
New type java.util.Vector<domain.Ride>

------------------------------------------------------------------------------------------------------------------------

[2024-03-01 21:35:40 #1 store] 
Database 'C:\Users\Dell\Desktop\Rides24\src\main\resources\rides.temp' is opened by 9316@DESKTOP-7BO60CG

[2024-03-01 21:35:41 #2 type.registry] 
New type domain.User

[2024-03-01 21:35:41 #3 type.registry] 
New type domain.Driver

[2024-03-01 21:35:41 #4 type] 
Type domain.User is not enhanced.

[2024-03-01 21:35:41 #5 type] 
Type domain.Driver is not enhanced.

[2024-03-01 21:35:41 #6 type.registry] 
New type domain.Ride

[2024-03-01 21:35:41 #7 type] 
Type domain.Ride is not enhanced.

[2024-03-01 21:35:41 #8 type.registry] 
New type java.util.Vector<java.lang.Object>

[2024-03-01 21:35:41 #9 type.registry] 
New type java.util.Vector<domain.Ride>

------------------------------------------------------------------------------------------------------------------------

[2024-03-01 21:40:08 #1 store] 
Database 'C:\Users\Dell\Desktop\Rides24\src\main\resources\rides.temp' is opened by 11136@DESKTOP-7BO60CG

[2024-03-01 21:40:08 #2 type.registry] 
New type domain.User

[2024-03-01 21:40:08 #3 type.registry] 
New type domain.Driver

[2024-03-01 21:40:08 #4 type] 
Type domain.User is not enhanced.

[2024-03-01 21:40:08 #5 type] 
Type domain.Driver is not enhanced.

[2024-03-01 21:40:08 #6 type.registry] 
New type domain.Ride

[2024-03-01 21:40:08 #7 type] 
Type domain.Ride is not enhanced.

[2024-03-01 21:40:08 #8 type.registry] 
New type java.util.Vector<java.lang.Object>

[2024-03-01 21:40:08 #9 type.registry] 
New type java.util.Vector<domain.Ride>

------------------------------------------------------------------------------------------------------------------------

[2024-03-01 21:57:02 #1 store] 
Database 'C:\Users\Dell\Desktop\Rides24\src\main\resources\rides.temp' is opened by 2988@DESKTOP-7BO60CG

[2024-03-01 21:57:02 #2 type.registry] 
New type domain.User

[2024-03-01 21:57:02 #3 type.registry] 
New type domain.Driver

[2024-03-01 21:57:02 #4 type] 
Type domain.User is not enhanced.

[2024-03-01 21:57:02 #5 type] 
Type domain.Driver is not enhanced.

[2024-03-01 21:57:02 #6 type.registry] 
New type domain.Ride

[2024-03-01 21:57:02 #7 type] 
Type domain.Ride is not enhanced.

[2024-03-01 21:57:02 #8 type.registry] 
New type java.util.Vector<java.lang.Object>

[2024-03-01 21:57:02 #9 type.registry] 
New type java.util.Vector<domain.Ride>

------------------------------------------------------------------------------------------------------------------------

[2024-03-01 22:03:09 #1 store] 
Database 'C:\Users\Dell\Desktop\Rides24\src\main\resources\rides.temp' has been recovered (tr. 1-6)

[2024-03-01 22:03:09 #2 store] 
Database 'C:\Users\Dell\Desktop\Rides24\src\main\resources\rides.temp' is opened by 11200@DESKTOP-7BO60CG

[2024-03-01 22:03:09 #3 type] 
Type domain.User is not enhanced.

[2024-03-01 22:03:09 #4 type] 
Type domain.Driver is not enhanced.

[2024-03-01 22:03:09 #5 type] 
Type domain.Ride is not enhanced.

------------------------------------------------------------------------------------------------------------------------

[2024-03-01 22:03:26 #1 store] 
Database 'C:\Users\Dell\Desktop\Rides24\src\main\resources\rides.temp' is opened by 10284@DESKTOP-7BO60CG

[2024-03-01 22:03:26 #2 type] 
Type domain.User is not enhanced.

[2024-03-01 22:03:26 #3 type] 
Type domain.Driver is not enhanced.

[2024-03-01 22:03:26 #4 type] 
Type domain.Ride is not enhanced.

------------------------------------------------------------------------------------------------------------------------

[2024-03-01 22:03:51 #1 store] 
Database 'C:\Users\Dell\Desktop\Rides24\src\main\resources\rides.temp' is opened by 10980@DESKTOP-7BO60CG

[2024-03-01 22:03:51 #2 type] 
Type domain.User is not enhanced.

[2024-03-01 22:03:51 #3 type] 
Type domain.Driver is not enhanced.

[2024-03-01 22:03:51 #4 type] 
Type domain.Ride is not enhanced.

------------------------------------------------------------------------------------------------------------------------

[2024-03-01 22:10:29 #1 store] 
Database 'C:\Users\Dell\Desktop\Rides24\src\main\resources\rides.temp' is opened by 6656@DESKTOP-7BO60CG

[2024-03-01 22:10:29 #2 type] 
Type domain.User is not enhanced.

[2024-03-01 22:10:29 #3 type] 
Type domain.Driver is not enhanced.

[2024-03-01 22:10:29 #4 type] 
Type domain.Ride is not enhanced.

------------------------------------------------------------------------------------------------------------------------

[2024-03-01 22:18:37 #1 store] 
Database 'C:\Users\Dell\Desktop\Rides24\src\main\resources\rides.temp' is opened by 6116@DESKTOP-7BO60CG

[2024-03-01 22:18:37 #2 type] 
Type domain.User is not enhanced.

[2024-03-01 22:18:37 #3 type] 
Type domain.Driver is not enhanced.

[2024-03-01 22:18:37 #4 type] 
Type domain.Ride is not enhanced.

------------------------------------------------------------------------------------------------------------------------

[2024-03-01 22:20:25 #1 store] 
Database 'C:\Users\Dell\Desktop\Rides24\src\main\resources\rides.temp' has been recovered (tr. 7-7)

[2024-03-01 22:20:25 #2 store] 
Database 'C:\Users\Dell\Desktop\Rides24\src\main\resources\rides.temp' is opened by 9424@DESKTOP-7BO60CG

[2024-03-01 22:20:26 #3 type] 
Type domain.User is not enhanced.

[2024-03-01 22:20:26 #4 type] 
Type domain.Driver is not enhanced.

[2024-03-01 22:20:26 #5 type] 
Type domain.Ride is not enhanced.

------------------------------------------------------------------------------------------------------------------------

[2024-03-01 22:24:16 #1 store] 
Database 'C:\Users\Dell\Desktop\Rides24\src\main\resources\rides.temp' has been recovered (tr. 8-8)

[2024-03-01 22:24:16 #2 store] 
Database 'C:\Users\Dell\Desktop\Rides24\src\main\resources\rides.temp' is opened by 10160@DESKTOP-7BO60CG

[2024-03-01 22:24:17 #3 type] 
Type domain.User is not enhanced.

[2024-03-01 22:24:17 #4 type] 
Type domain.Driver is not enhanced.

[2024-03-01 22:24:17 #5 type] 
Type domain.Ride is not enhanced.

------------------------------------------------------------------------------------------------------------------------

[2024-03-01 22:31:15 #1 store] 
Database 'C:\Users\Dell\Desktop\Rides24\src\main\resources\rides.temp' has been recovered (tr. 9-9)

[2024-03-01 22:31:15 #2 store] 
Database 'C:\Users\Dell\Desktop\Rides24\src\main\resources\rides.temp' is opened by 4036@DESKTOP-7BO60CG

[2024-03-01 22:31:15 #3 type] 
Type domain.User is not enhanced.

[2024-03-01 22:31:15 #4 type] 
Type domain.Driver is not enhanced.

[2024-03-01 22:31:15 #5 type] 
Type domain.Ride is not enhanced.

------------------------------------------------------------------------------------------------------------------------

[2024-03-01 22:34:02 #1 store] 
Database 'C:\Users\Dell\Desktop\Rides24\src\main\resources\rides.temp' has been recovered (tr. 10-10)

[2024-03-01 22:34:02 #2 store] 
Database 'C:\Users\Dell\Desktop\Rides24\src\main\resources\rides.temp' is opened by 1700@DESKTOP-7BO60CG

[2024-03-01 22:34:02 #3 type] 
Type domain.User is not enhanced.

[2024-03-01 22:34:02 #4 type] 
Type domain.Driver is not enhanced.

[2024-03-01 22:34:02 #5 type] 
Type domain.Ride is not enhanced.

