------------------------------------------------------------------------------------------------------------------------

[2024-03-03 19:35:54 #1 store] 
Database 'C:\Users\garai\eclipse-workspace\Rides24\src\main\resources\rides.temp' is opened by 12668@DESKTOP-0AT9HNO

[2024-03-03 19:36:12 #2 type.registry] 
New type domain.User

[2024-03-03 19:36:13 #3 type] 
Type domain.User is not enhanced.

[2024-03-03 19:36:13 #4 type.registry] 
New type domain.Driver

[2024-03-03 19:36:13 #5 type] 
Type domain.Driver is not enhanced.

[2024-03-03 19:36:13 #6 type.registry] 
New type domain.Ride

[2024-03-03 19:36:13 #7 type] 
Type domain.Ride is not enhanced.

[2024-03-03 19:36:13 #8 type.registry] 
New type domain.Request

[2024-03-03 19:36:13 #9 type] 
Type domain.Request is not enhanced.

[2024-03-03 19:36:13 #10 type.registry] 
New type domain.Passenger

[2024-03-03 19:36:13 #11 type] 
Type domain.Passenger is not enhanced.

[2024-03-03 19:36:13 #12 type.registry] 
New type java.util.Vector<java.lang.Object>

[2024-03-03 19:36:13 #13 type.registry] 
New type java.util.Vector<domain.Ride>

------------------------------------------------------------------------------------------------------------------------

[2024-03-03 19:36:51 #1 store] 
Database 'C:\Users\garai\eclipse-workspace\Rides24\src\main\resources\rides.temp' has been recovered (tr. 1-8)

[2024-03-03 19:36:51 #2 store] 
Database 'C:\Users\garai\eclipse-workspace\Rides24\src\main\resources\rides.temp' is opened by 17228@DESKTOP-0AT9HNO

[2024-03-03 19:36:51 #3 type] 
Type domain.User is not enhanced.

[2024-03-03 19:36:51 #4 type] 
Type domain.Driver is not enhanced.

[2024-03-03 19:36:51 #5 type] 
Type domain.Ride is not enhanced.

[2024-03-03 19:36:51 #6 type] 
Type domain.Request is not enhanced.

[2024-03-03 19:36:51 #7 type] 
Type domain.Passenger is not enhanced.

------------------------------------------------------------------------------------------------------------------------

[2024-03-03 19:37:04 #1 store] 
Database 'C:\Users\garai\eclipse-workspace\Rides24\src\main\resources\rides.temp' has been recovered (tr. 9-9)

[2024-03-03 19:37:04 #2 store] 
Database 'C:\Users\garai\eclipse-workspace\Rides24\src\main\resources\rides.temp' is opened by 8096@DESKTOP-0AT9HNO

[2024-03-03 19:37:05 #3 type] 
Type domain.User is not enhanced.

[2024-03-03 19:37:05 #4 type] 
Type domain.Driver is not enhanced.

[2024-03-03 19:37:05 #5 type] 
Type domain.Ride is not enhanced.

[2024-03-03 19:37:05 #6 type] 
Type domain.Request is not enhanced.

[2024-03-03 19:37:05 #7 type] 
Type domain.Passenger is not enhanced.

------------------------------------------------------------------------------------------------------------------------

[2024-03-03 19:37:47 #1 store] 
Database 'C:\Users\garai\eclipse-workspace\Rides24\src\main\resources\rides.temp' has been recovered (tr. 10-10)

[2024-03-03 19:37:48 #2 store] 
Database 'C:\Users\garai\eclipse-workspace\Rides24\src\main\resources\rides.temp' is opened by 17232@DESKTOP-0AT9HNO

[2024-03-03 19:37:48 #3 type] 
Type domain.User is not enhanced.

[2024-03-03 19:37:48 #4 type] 
Type domain.Driver is not enhanced.

[2024-03-03 19:37:48 #5 type] 
Type domain.Ride is not enhanced.

[2024-03-03 19:37:48 #6 type] 
Type domain.Request is not enhanced.

[2024-03-03 19:37:48 #7 type] 
Type domain.Passenger is not enhanced.

------------------------------------------------------------------------------------------------------------------------

[2024-03-03 19:42:22 #1 store] 
Database 'C:\Users\garai\eclipse-workspace\Rides24\src\main\resources\rides.temp' has been recovered (tr. 11-11)

[2024-03-03 19:42:23 #2 store] 
Database 'C:\Users\garai\eclipse-workspace\Rides24\src\main\resources\rides.temp' is opened by 4128@DESKTOP-0AT9HNO

[2024-03-03 19:42:23 #3 type] 
Type domain.User is not enhanced.

[2024-03-03 19:42:23 #4 type] 
Type domain.Driver is not enhanced.

[2024-03-03 19:42:23 #5 type] 
Type domain.Ride is not enhanced.

[2024-03-03 19:42:23 #6 type] 
Type domain.Request is not enhanced.

[2024-03-03 19:42:23 #7 type] 
Type domain.Passenger is not enhanced.

------------------------------------------------------------------------------------------------------------------------

[2024-03-03 19:43:44 #1 store] 
Database 'C:\Users\garai\eclipse-workspace\Rides24\src\main\resources\rides.temp' is opened by 3340@DESKTOP-0AT9HNO

[2024-03-03 19:43:45 #2 type] 
Type domain.User is not enhanced.

[2024-03-03 19:43:45 #3 type] 
Type domain.Driver is not enhanced.

[2024-03-03 19:43:45 #4 type] 
Type domain.Ride is not enhanced.

[2024-03-03 19:43:45 #5 type] 
Type domain.Request is not enhanced.

[2024-03-03 19:43:45 #6 type] 
Type domain.Passenger is not enhanced.

------------------------------------------------------------------------------------------------------------------------

[2024-03-03 19:44:50 #1 store] 
Database 'C:\Users\garai\eclipse-workspace\Rides24\src\main\resources\rides.temp' is opened by 13380@DESKTOP-0AT9HNO

[2024-03-03 19:44:51 #2 type] 
Type domain.User is not enhanced.

[2024-03-03 19:44:51 #3 type] 
Type domain.Driver is not enhanced.

[2024-03-03 19:44:51 #4 type] 
Type domain.Ride is not enhanced.

[2024-03-03 19:44:51 #5 type] 
Type domain.Request is not enhanced.

[2024-03-03 19:44:51 #6 type] 
Type domain.Passenger is not enhanced.

------------------------------------------------------------------------------------------------------------------------

[2024-03-03 19:45:07 #1 store] 
Database 'C:\Users\garai\eclipse-workspace\Rides24\src\main\resources\rides.temp' is opened by 7220@DESKTOP-0AT9HNO

[2024-03-03 19:45:07 #2 type] 
Type domain.User is not enhanced.

[2024-03-03 19:45:07 #3 type] 
Type domain.Driver is not enhanced.

[2024-03-03 19:45:07 #4 type] 
Type domain.Ride is not enhanced.

[2024-03-03 19:45:07 #5 type] 
Type domain.Request is not enhanced.

[2024-03-03 19:45:07 #6 type] 
Type domain.Passenger is not enhanced.

------------------------------------------------------------------------------------------------------------------------

[2024-03-03 19:47:15 #1 store] 
Database 'C:\Users\garai\eclipse-workspace\Rides24\src\main\resources\rides.temp' is opened by 3268@DESKTOP-0AT9HNO

[2024-03-03 19:47:15 #2 type] 
Type domain.User is not enhanced.

[2024-03-03 19:47:15 #3 type] 
Type domain.Driver is not enhanced.

[2024-03-03 19:47:15 #4 type] 
Type domain.Ride is not enhanced.

[2024-03-03 19:47:15 #5 type] 
Type domain.Request is not enhanced.

[2024-03-03 19:47:15 #6 type] 
Type domain.Passenger is not enhanced.

------------------------------------------------------------------------------------------------------------------------

[2024-03-03 19:48:01 #1 store] 
Database 'C:\Users\garai\eclipse-workspace\Rides24\src\main\resources\rides.temp' has been recovered (tr. 12-12)

[2024-03-03 19:48:01 #2 store] 
Database 'C:\Users\garai\eclipse-workspace\Rides24\src\main\resources\rides.temp' is opened by 11420@DESKTOP-0AT9HNO

[2024-03-03 19:48:01 #3 type] 
Type domain.User is not enhanced.

[2024-03-03 19:48:01 #4 type] 
Type domain.Driver is not enhanced.

[2024-03-03 19:48:01 #5 type] 
Type domain.Ride is not enhanced.

[2024-03-03 19:48:01 #6 type] 
Type domain.Request is not enhanced.

[2024-03-03 19:48:01 #7 type] 
Type domain.Passenger is not enhanced.

------------------------------------------------------------------------------------------------------------------------

[2024-03-03 19:48:23 #1 store] 
Database 'C:\Users\garai\eclipse-workspace\Rides24\src\main\resources\rides.temp' has been recovered (tr. 13-13)

[2024-03-03 19:48:23 #2 store] 
Database 'C:\Users\garai\eclipse-workspace\Rides24\src\main\resources\rides.temp' is opened by 14644@DESKTOP-0AT9HNO

[2024-03-03 19:48:23 #3 type] 
Type domain.User is not enhanced.

[2024-03-03 19:48:23 #4 type] 
Type domain.Driver is not enhanced.

[2024-03-03 19:48:23 #5 type] 
Type domain.Ride is not enhanced.

[2024-03-03 19:48:23 #6 type] 
Type domain.Request is not enhanced.

[2024-03-03 19:48:23 #7 type] 
Type domain.Passenger is not enhanced.

------------------------------------------------------------------------------------------------------------------------

[2024-03-03 19:48:53 #1 store] 
Database 'C:\Users\garai\eclipse-workspace\Rides24\src\main\resources\rides.temp' has been recovered (tr. 14-14)

[2024-03-03 19:48:53 #2 store] 
Database 'C:\Users\garai\eclipse-workspace\Rides24\src\main\resources\rides.temp' is opened by 4580@DESKTOP-0AT9HNO

[2024-03-03 19:48:53 #3 type] 
Type domain.User is not enhanced.

[2024-03-03 19:48:53 #4 type] 
Type domain.Driver is not enhanced.

[2024-03-03 19:48:53 #5 type] 
Type domain.Ride is not enhanced.

[2024-03-03 19:48:53 #6 type] 
Type domain.Request is not enhanced.

[2024-03-03 19:48:53 #7 type] 
Type domain.Passenger is not enhanced.

------------------------------------------------------------------------------------------------------------------------

[2024-03-03 19:51:03 #1 store] 
Database 'C:\Users\garai\eclipse-workspace\Rides24\src\main\resources\rides.temp' is opened by 7172@DESKTOP-0AT9HNO

[2024-03-03 19:51:04 #2 type] 
Type domain.User is not enhanced.

[2024-03-03 19:51:04 #3 type] 
Type domain.Driver is not enhanced.

[2024-03-03 19:51:04 #4 type] 
Type domain.Ride is not enhanced.

[2024-03-03 19:51:04 #5 type] 
Type domain.Request is not enhanced.

[2024-03-03 19:51:04 #6 type] 
Type domain.Passenger is not enhanced.

------------------------------------------------------------------------------------------------------------------------

[2024-03-03 20:05:13 #1 store] 
Database 'C:\Users\garai\eclipse-workspace\Rides24\src\main\resources\rides.temp' has been recovered (tr. 15-15)

[2024-03-03 20:05:13 #2 store] 
Database 'C:\Users\garai\eclipse-workspace\Rides24\src\main\resources\rides.temp' is opened by 18288@DESKTOP-0AT9HNO

[2024-03-03 20:05:13 #3 type] 
Type domain.User is not enhanced.

[2024-03-03 20:05:13 #4 type] 
Type domain.Driver is not enhanced.

[2024-03-03 20:05:13 #5 type] 
Type domain.Ride is not enhanced.

[2024-03-03 20:05:13 #6 type] 
Type domain.Request is not enhanced.

[2024-03-03 20:05:13 #7 type] 
Type domain.Passenger is not enhanced.

------------------------------------------------------------------------------------------------------------------------

[2024-03-03 20:09:36 #1 store] 
Database 'C:\Users\garai\eclipse-workspace\Rides24\src\main\resources\rides.temp' is opened by 17924@DESKTOP-0AT9HNO

[2024-03-03 20:09:36 #2 type] 
Type domain.User is not enhanced.

[2024-03-03 20:09:36 #3 type] 
Type domain.Driver is not enhanced.

[2024-03-03 20:09:36 #4 type] 
Type domain.Ride is not enhanced.

[2024-03-03 20:09:36 #5 type] 
Type domain.Request is not enhanced.

[2024-03-03 20:09:36 #6 type] 
Type domain.Passenger is not enhanced.

------------------------------------------------------------------------------------------------------------------------

[2024-03-03 20:12:59 #1 store] 
Database 'C:\Users\garai\eclipse-workspace\Rides24\src\main\resources\rides.temp' is opened by 10500@DESKTOP-0AT9HNO

[2024-03-03 20:12:59 #2 type] 
Type domain.User is not enhanced.

[2024-03-03 20:12:59 #3 type] 
Type domain.Driver is not enhanced.

[2024-03-03 20:12:59 #4 type] 
Type domain.Ride is not enhanced.

[2024-03-03 20:12:59 #5 type] 
Type domain.Request is not enhanced.

[2024-03-03 20:12:59 #6 type] 
Type domain.Passenger is not enhanced.

------------------------------------------------------------------------------------------------------------------------

[2024-03-03 20:13:06 #1 store] 
Database 'C:\Users\garai\eclipse-workspace\Rides24\src\main\resources\rides.temp' is opened by 12112@DESKTOP-0AT9HNO

[2024-03-03 20:13:06 #2 type] 
Type domain.User is not enhanced.

[2024-03-03 20:13:06 #3 type] 
Type domain.Driver is not enhanced.

[2024-03-03 20:13:06 #4 type] 
Type domain.Ride is not enhanced.

[2024-03-03 20:13:06 #5 type] 
Type domain.Request is not enhanced.

[2024-03-03 20:13:06 #6 type] 
Type domain.Passenger is not enhanced.

------------------------------------------------------------------------------------------------------------------------

[2024-03-03 20:17:09 #1 store] 
Database 'C:\Users\garai\eclipse-workspace\Rides24\src\main\resources\rides.temp' has been recovered (tr. 18-18)

[2024-03-03 20:17:09 #2 store] 
Database 'C:\Users\garai\eclipse-workspace\Rides24\src\main\resources\rides.temp' is opened by 7196@DESKTOP-0AT9HNO

[2024-03-03 20:17:09 #3 type] 
Type domain.User is not enhanced.

[2024-03-03 20:17:09 #4 type] 
Type domain.Driver is not enhanced.

[2024-03-03 20:17:09 #5 type] 
Type domain.Ride is not enhanced.

[2024-03-03 20:17:09 #6 type] 
Type domain.Request is not enhanced.

[2024-03-03 20:17:09 #7 type] 
Type domain.Passenger is not enhanced.

------------------------------------------------------------------------------------------------------------------------

[2024-03-03 20:20:03 #1 store] 
Database 'C:\Users\garai\eclipse-workspace\Rides24\src\main\resources\rides.temp' has been recovered (tr. 19-23)

[2024-03-03 20:20:03 #2 store] 
Database 'C:\Users\garai\eclipse-workspace\Rides24\src\main\resources\rides.temp' is opened by 18504@DESKTOP-0AT9HNO

[2024-03-03 20:20:04 #3 type] 
Type domain.User is not enhanced.

[2024-03-03 20:20:04 #4 type] 
Type domain.Driver is not enhanced.

[2024-03-03 20:20:04 #5 type] 
Type domain.Ride is not enhanced.

[2024-03-03 20:20:04 #6 type] 
Type domain.Request is not enhanced.

[2024-03-03 20:20:04 #7 type] 
Type domain.Passenger is not enhanced.

------------------------------------------------------------------------------------------------------------------------

[2024-03-03 20:21:04 #1 store] 
Database 'C:\Users\garai\eclipse-workspace\Rides24\src\main\resources\rides.temp' is opened by 19292@DESKTOP-0AT9HNO

[2024-03-03 20:21:04 #2 type] 
Type domain.User is not enhanced.

[2024-03-03 20:21:04 #3 type] 
Type domain.Driver is not enhanced.

[2024-03-03 20:21:04 #4 type] 
Type domain.Ride is not enhanced.

[2024-03-03 20:21:04 #5 type] 
Type domain.Request is not enhanced.

[2024-03-03 20:21:04 #6 type] 
Type domain.Passenger is not enhanced.

------------------------------------------------------------------------------------------------------------------------

[2024-03-03 20:23:41 #1 store] 
Database 'C:\Users\garai\eclipse-workspace\Rides24\src\main\resources\rides.temp' has been recovered (tr. 24-26)

[2024-03-03 20:23:41 #2 store] 
Database 'C:\Users\garai\eclipse-workspace\Rides24\src\main\resources\rides.temp' is opened by 7936@DESKTOP-0AT9HNO

[2024-03-03 20:23:41 #3 type] 
Type domain.User is not enhanced.

[2024-03-03 20:23:41 #4 type] 
Type domain.Driver is not enhanced.

[2024-03-03 20:23:41 #5 type] 
Type domain.Ride is not enhanced.

[2024-03-03 20:23:41 #6 type] 
Type domain.Request is not enhanced.

[2024-03-03 20:23:41 #7 type] 
Type domain.Passenger is not enhanced.

------------------------------------------------------------------------------------------------------------------------

[2024-03-03 20:24:13 #1 store] 
Database 'C:\Users\garai\eclipse-workspace\Rides24\src\main\resources\rides.temp' has been recovered (tr. 27-27)

[2024-03-03 20:24:13 #2 store] 
Database 'C:\Users\garai\eclipse-workspace\Rides24\src\main\resources\rides.temp' is opened by 13596@DESKTOP-0AT9HNO

[2024-03-03 20:24:13 #3 type] 
Type domain.User is not enhanced.

[2024-03-03 20:24:13 #4 type] 
Type domain.Driver is not enhanced.

[2024-03-03 20:24:13 #5 type] 
Type domain.Ride is not enhanced.

[2024-03-03 20:24:13 #6 type] 
Type domain.Request is not enhanced.

[2024-03-03 20:24:13 #7 type] 
Type domain.Passenger is not enhanced.

------------------------------------------------------------------------------------------------------------------------

[2024-03-03 20:24:42 #1 store] 
Database 'C:\Users\garai\eclipse-workspace\Rides24\src\main\resources\rides.temp' has been recovered (tr. 28-28)

[2024-03-03 20:24:42 #2 store] 
Database 'C:\Users\garai\eclipse-workspace\Rides24\src\main\resources\rides.temp' is opened by 18740@DESKTOP-0AT9HNO

[2024-03-03 20:24:42 #3 type] 
Type domain.User is not enhanced.

[2024-03-03 20:24:42 #4 type] 
Type domain.Driver is not enhanced.

[2024-03-03 20:24:42 #5 type] 
Type domain.Ride is not enhanced.

[2024-03-03 20:24:42 #6 type] 
Type domain.Request is not enhanced.

[2024-03-03 20:24:42 #7 type] 
Type domain.Passenger is not enhanced.

------------------------------------------------------------------------------------------------------------------------

[2024-03-03 20:24:57 #1 store] 
Database 'C:\Users\garai\eclipse-workspace\Rides24\src\main\resources\rides.temp' has been recovered (tr. 29-29)

[2024-03-03 20:24:57 #2 store] 
Database 'C:\Users\garai\eclipse-workspace\Rides24\src\main\resources\rides.temp' is opened by 4108@DESKTOP-0AT9HNO

[2024-03-03 20:24:57 #3 type] 
Type domain.User is not enhanced.

[2024-03-03 20:24:57 #4 type] 
Type domain.Driver is not enhanced.

[2024-03-03 20:24:57 #5 type] 
Type domain.Ride is not enhanced.

[2024-03-03 20:24:57 #6 type] 
Type domain.Request is not enhanced.

[2024-03-03 20:24:57 #7 type] 
Type domain.Passenger is not enhanced.

------------------------------------------------------------------------------------------------------------------------

[2024-03-03 20:32:16 #1 store] 
Database 'C:\Users\garai\eclipse-workspace\Rides24\src\main\resources\rides.temp' is opened by 14804@DESKTOP-0AT9HNO

[2024-03-03 20:32:16 #2 type] 
Type domain.User is not enhanced.

[2024-03-03 20:32:17 #3 type] 
Type domain.Driver is not enhanced.

[2024-03-03 20:32:17 #4 type] 
Type domain.Ride is not enhanced.

[2024-03-03 20:32:17 #5 type] 
Type domain.Request is not enhanced.

[2024-03-03 20:32:17 #6 type] 
Type domain.Passenger is not enhanced.

------------------------------------------------------------------------------------------------------------------------

[2024-03-03 20:33:56 #1 store] 
Database 'C:\Users\garai\eclipse-workspace\Rides24\src\main\resources\rides.temp' has been recovered (tr. 30-31)

[2024-03-03 20:33:56 #2 store] 
Database 'C:\Users\garai\eclipse-workspace\Rides24\src\main\resources\rides.temp' is opened by 16828@DESKTOP-0AT9HNO

[2024-03-03 20:33:56 #3 type] 
Type domain.User is not enhanced.

[2024-03-03 20:33:56 #4 type] 
Type domain.Driver is not enhanced.

[2024-03-03 20:33:56 #5 type] 
Type domain.Ride is not enhanced.

[2024-03-03 20:33:56 #6 type] 
Type domain.Request is not enhanced.

[2024-03-03 20:33:56 #7 type] 
Type domain.Passenger is not enhanced.

------------------------------------------------------------------------------------------------------------------------

[2024-03-03 20:34:58 #1 store] 
Database 'C:\Users\garai\eclipse-workspace\Rides24\src\main\resources\rides.temp' has been recovered (tr. 32-33)

[2024-03-03 20:34:58 #2 store] 
Database 'C:\Users\garai\eclipse-workspace\Rides24\src\main\resources\rides.temp' is opened by 10048@DESKTOP-0AT9HNO

[2024-03-03 20:34:58 #3 type] 
Type domain.User is not enhanced.

[2024-03-03 20:34:58 #4 type] 
Type domain.Driver is not enhanced.

[2024-03-03 20:34:58 #5 type] 
Type domain.Ride is not enhanced.

[2024-03-03 20:34:58 #6 type] 
Type domain.Request is not enhanced.

[2024-03-03 20:34:58 #7 type] 
Type domain.Passenger is not enhanced.

------------------------------------------------------------------------------------------------------------------------

[2024-03-03 20:35:40 #1 store] 
Database 'C:\Users\garai\eclipse-workspace\Rides24\src\main\resources\rides.temp' has been recovered (tr. 34-36)

[2024-03-03 20:35:40 #2 store] 
Database 'C:\Users\garai\eclipse-workspace\Rides24\src\main\resources\rides.temp' is opened by 18708@DESKTOP-0AT9HNO

[2024-03-03 20:35:40 #3 type] 
Type domain.User is not enhanced.

[2024-03-03 20:35:40 #4 type] 
Type domain.Driver is not enhanced.

[2024-03-03 20:35:40 #5 type] 
Type domain.Ride is not enhanced.

[2024-03-03 20:35:40 #6 type] 
Type domain.Request is not enhanced.

[2024-03-03 20:35:40 #7 type] 
Type domain.Passenger is not enhanced.

------------------------------------------------------------------------------------------------------------------------

[2024-03-03 23:40:29 #1 store] 
Database 'C:\Users\inaki\Desktop\SI\Rides24\src\main\resources\rides.temp' has been recovered (tr. 37-38)

[2024-03-03 23:40:29 #2 store] 
Database 'C:\Users\inaki\Desktop\SI\Rides24\src\main\resources\rides.temp' is opened by 18660@Vivobook

[2024-03-03 23:40:30 #3 type] 
Type domain.User is not enhanced.

[2024-03-03 23:40:30 #4 type] 
Type domain.Driver is not enhanced.

[2024-03-03 23:40:30 #5 type] 
Type domain.Ride is not enhanced.

[2024-03-03 23:40:30 #6 type] 
Type domain.Request is not enhanced.

[2024-03-03 23:40:30 #7 type] 
Type domain.Passenger is not enhanced.

------------------------------------------------------------------------------------------------------------------------

[2024-03-03 23:41:26 #1 store] 
Database 'C:\Users\inaki\Desktop\SI\Rides24\src\main\resources\rides.temp' has been recovered (tr. 39-41)

[2024-03-03 23:41:26 #2 store] 
Database 'C:\Users\inaki\Desktop\SI\Rides24\src\main\resources\rides.temp' is opened by 17004@Vivobook

[2024-03-03 23:41:26 #3 type] 
Type domain.User is not enhanced.

[2024-03-03 23:41:26 #4 type] 
Type domain.Driver is not enhanced.

[2024-03-03 23:41:26 #5 type] 
Type domain.Ride is not enhanced.

[2024-03-03 23:41:26 #6 type] 
Type domain.Request is not enhanced.

[2024-03-03 23:41:26 #7 type] 
Type domain.Passenger is not enhanced.

------------------------------------------------------------------------------------------------------------------------

[2024-03-03 23:43:36 #1 store] 
Database 'C:\Users\inaki\Desktop\SI\Rides24\src\main\resources\rides.temp' has been recovered (tr. 42-42)

[2024-03-03 23:43:36 #2 store] 
Database 'C:\Users\inaki\Desktop\SI\Rides24\src\main\resources\rides.temp' is opened by 10816@Vivobook

[2024-03-03 23:43:36 #3 type] 
Type domain.User is not enhanced.

[2024-03-03 23:43:37 #4 type] 
Type domain.Driver is not enhanced.

[2024-03-03 23:43:37 #5 type] 
Type domain.Ride is not enhanced.

[2024-03-03 23:43:37 #6 type] 
Type domain.Request is not enhanced.

[2024-03-03 23:43:37 #7 type] 
Type domain.Passenger is not enhanced.

------------------------------------------------------------------------------------------------------------------------

[2024-03-03 23:43:47 #1 store] 
Database 'C:\Users\inaki\Desktop\SI\Rides24\src\main\resources\rides.temp' is opened by 21616@Vivobook

[2024-03-03 23:43:47 #2 type] 
Type domain.User is not enhanced.

[2024-03-03 23:43:47 #3 type] 
Type domain.Driver is not enhanced.

[2024-03-03 23:43:47 #4 type] 
Type domain.Ride is not enhanced.

[2024-03-03 23:43:47 #5 type] 
Type domain.Request is not enhanced.

[2024-03-03 23:43:47 #6 type] 
Type domain.Passenger is not enhanced.

------------------------------------------------------------------------------------------------------------------------

[2024-03-03 23:44:06 #1 store] 
Database 'C:\Users\inaki\Desktop\SI\Rides24\src\main\resources\rides.temp' is opened by 13356@Vivobook

[2024-03-03 23:44:06 #2 type] 
Type domain.User is not enhanced.

[2024-03-03 23:44:06 #3 type] 
Type domain.Driver is not enhanced.

[2024-03-03 23:44:06 #4 type] 
Type domain.Ride is not enhanced.

[2024-03-03 23:44:06 #5 type] 
Type domain.Request is not enhanced.

[2024-03-03 23:44:06 #6 type] 
Type domain.Passenger is not enhanced.

------------------------------------------------------------------------------------------------------------------------

[2024-03-03 23:48:34 #1 store] 
Database 'C:\Users\inaki\Desktop\SI\Rides24\src\main\resources\rides.temp' has been recovered (tr. 43-45)

[2024-03-03 23:48:34 #2 store] 
Database 'C:\Users\inaki\Desktop\SI\Rides24\src\main\resources\rides.temp' is opened by 22332@Vivobook

[2024-03-03 23:48:35 #3 type] 
Type domain.User is not enhanced.

[2024-03-03 23:48:35 #4 type] 
Type domain.Driver is not enhanced.

[2024-03-03 23:48:35 #5 type] 
Type domain.Ride is not enhanced.

[2024-03-03 23:48:35 #6 type] 
Type domain.Request is not enhanced.

[2024-03-03 23:48:35 #7 type] 
Type domain.Passenger is not enhanced.

